[GIN-debug] [WARNING] Creating an Engine instance with the Logger and Recovery middleware already attached.

[GIN-debug] [WARNING] Running in "debug" mode. Switch to "release" mode in production.
 - using env:	export GIN_MODE=release
 - using code:	gin.SetMode(gin.ReleaseMode)

[GIN-debug] GET    /instances                --> main.startAPI.func1 (4 handlers)
[GIN-debug] POST   /instances/:id/connect    --> main.startAPI.func2 (4 handlers)
[GIN-debug] POST   /instances/:id/send       --> main.startAPI.func3 (4 handlers)
📡 Multi-Engine rodando na porta 3002
[GIN-debug] [WARNING] You trusted all proxies, this is NOT safe. We recommend you to set a value.
Please check https://github.com/gin-gonic/gin/blob/master/docs/doc.md#dont-trust-all-proxies for details.
[GIN-debug] Listening and serving HTTP on :3002
[GIN] 2026/02/12 - 16:55:32 | 200 |     267.333µs |             ::1 | GET      "/instances"
[GIN] 2026/02/12 - 22:21:42 | 200 |     271.042µs |             ::1 | GET      "/instances"
[GIN] 2026/02/12 - 22:21:48 | 200 |  496.680375ms |             ::1 | POST     "/instances/test-instance/connect"
❌ [test-instance] Erro Webhook: Post "http://localhost:3000/api/webhook/whatsapp": dial tcp [::1]:3000: connect: connection refused
❌ [test-instance] Erro Webhook: Post "http://localhost:3000/api/webhook/whatsapp": dial tcp [::1]:3000: connect: connection refused
❌ [test-instance] Erro Webhook: Post "http://localhost:3000/api/webhook/whatsapp": dial tcp [::1]:3000: connect: connection refused
❌ [test-instance] Erro Webhook: Post "http://localhost:3000/api/webhook/whatsapp": dial tcp [::1]:3000: connect: connection refused
❌ [test-instance] Erro Webhook: Post "http://localhost:3000/api/webhook/whatsapp": dial tcp [::1]:3000: connect: connection refused
22:24:29.253[33m [Client-test-instance/Socket WARN] Error sending close to websocket: failed to close WebSocket: failed to read frame header: EOF[0m
